<?xml version="1.0" encoding="utf-8"?><testsuites name="pytest tests"><testsuite name="pytest" errors="0" failures="0" skipped="0" tests="29" time="17.757" timestamp="2026-07-06T10:34:29.823698+05:30" hostname="DEEPALI"><testcase classname="tests.test_config" name="test_settings_from_env_reads_groq_key" time="0.007" /><testcase classname="tests.test_config" name="test_settings_strips_placeholder_prefix" time="0.006" /><testcase classname="tests.test_filter" name="test_apply_filters_happy_path" time="0.002" /><testcase classname="tests.test_filter" name="test_apply_filters_relaxes_budget_when_no_exact_budget_match" time="0.002" /><testcase classname="tests.test_filter" name="test_apply_filters_returns_empty_without_relaxation" time="0.002" /><testcase classname="tests.test_filter" name="test_apply_filters_truncates_to_max_candidates_sorted_by_rating" time="0.002" /><testcase classname="tests.test_integration" name="test_integration_happy_path" time="0.026" /><testcase classname="tests.test_integration" name="test_integration_llm_failure_degrades_gracefully" time="0.014" /><testcase classname="tests.test_integration" name="test_integration_empty_location_returns_empty" time="0.008" /><testcase classname="tests.test_integration" name="test_integration_logs_filter_complete" time="0.011" /><testcase classname="tests.test_integration" name="test_integration_timeout_and_error_fallback[_FailingLLMClient]" time="0.008" /><testcase classname="tests.test_integration" name="test_integration_timeout_and_error_fallback[_TimeoutLLMClient]" time="0.007" /><testcase classname="tests.test_preferences" name="test_parse_user_preferences_success" time="0.002" /><testcase classname="tests.test_preferences" name="test_parse_user_preferences_invalid_budget" time="0.002" /><testcase classname="tests.test_preferences" name="test_parse_user_preferences_invalid_rating_range" time="0.002" /><testcase classname="tests.test_preprocessor" name="test_split_cuisines_handles_commas_and_slashes_and_pipes" time="0.001" /><testcase classname="tests.test_preprocessor" name="test_parse_float_handles_invalid_and_nan" time="0.001" /><testcase classname="tests.test_preprocessor" name="test_preprocess_row_requires_name_and_location" time="0.001" /><testcase classname="tests.test_preprocessor" name="test_preprocess_rows_counts_failures" time="0.003" /><testcase classname="tests.test_prompt_builder" name="test_build_recommendation_prompt_includes_preferences_and_candidates" time="0.002" /><testcase classname="tests.test_recommendation_engine" name="test_generate_recommendations_success" time="0.002" /><testcase classname="tests.test_recommendation_engine" name="test_generate_recommendations_drops_hallucinated_id" time="0.002" /><testcase classname="tests.test_recommendation_engine" name="test_generate_recommendations_invalid_json_then_repair" time="0.002" /><testcase classname="tests.test_recommendation_engine" name="test_generate_recommendations_timeout_fallback" time="0.002" /><testcase classname="tests.test_recommendation_service" name="test_recommend_without_llm_uses_fallback" time="0.001" /><testcase classname="tests.test_recommendation_service" name="test_recommend_with_stub_llm" time="0.002" /><testcase classname="tests.test_repository" name="test_get_all_returns_all_items" time="0.001" /><testcase classname="tests.test_repository" name="test_filter_applies_predicate" time="0.002" /><testcase classname="tests.test_repository" name="test_get_by_ids_preserves_order_and_skips_unknown" time="0.002" /></testsuite></testsuites>